<?xml version="1.0" encoding="UTF-8"?>
<!-- Generated by org.testng.reporters.JUnitReportReporter -->
<testsuite hostname="LAPTOP-2DO14JOO" failures="0" tests="3" name="hotelTests.TestHotel" time="82.221" errors="0" timestamp="2022-11-08T22:39:18 IST" skipped="0">
  <testcase classname="hotelTests.TestHotel" name="testSearch" time="30.588"/>
  <system-out/>
  <testcase classname="hotelTests.TestHotel" name="testSearch" time="25.236"/>
  <system-out/>
  <testcase classname="hotelTests.TestHotel" name="testSearch" time="26.397"/>
  <system-out/>
</testsuite> <!-- hotelTests.TestHotel -->
