<?xml version="1.0" encoding="UTF-8"?>
<!-- Generated by org.testng.reporters.JUnitReportReporter -->
<testsuite hostname="LAPTOP-2DO14JOO" failures="0" tests="3" name="attractionsTests.TestAttractions" time="103.184" errors="0" timestamp="2022-11-10T00:51:32 IST" skipped="0">
  <testcase classname="attractionsTests.TestAttractions" name="testSearch" time="37.984"/>
  <system-out/>
  <testcase classname="attractionsTests.TestAttractions" name="testSearch" time="32.527"/>
  <system-out/>
  <testcase classname="attractionsTests.TestAttractions" name="testSearch" time="32.673"/>
  <system-out/>
</testsuite> <!-- attractionsTests.TestAttractions -->
