<?xml version="1.0" encoding="UTF-8"?>
<!-- Generated by org.testng.reporters.JUnitReportReporter -->
<testsuite hostname="LAPTOP-2DO14JOO" failures="0" tests="3" name="hotelTests.TestHotelWithFilter" time="54.704" errors="0" timestamp="2022-11-09T22:21:22 IST" skipped="0">
  <testcase classname="hotelTests.TestHotelWithFilter" name="testSearch" time="19.238"/>
  <system-out/>
  <testcase classname="hotelTests.TestHotelWithFilter" name="testSearch" time="18.843"/>
  <system-out/>
  <testcase classname="hotelTests.TestHotelWithFilter" name="testSearch" time="16.623"/>
  <system-out/>
</testsuite> <!-- hotelTests.TestHotelWithFilter -->
