<?xml version="1.0" encoding="UTF-8"?>
<!-- Generated by org.testng.reporters.JUnitReportReporter -->
<testsuite hostname="LAPTOP-2DO14JOO" failures="0" tests="3" name="hotelTests.TestHotelWithFilter" time="51.815" errors="0" timestamp="2022-11-08T22:37:04 IST" skipped="0">
  <testcase classname="hotelTests.TestHotelWithFilter" name="testSearch" time="18.624"/>
  <system-out/>
  <testcase classname="hotelTests.TestHotelWithFilter" name="testSearch" time="16.934"/>
  <system-out/>
  <testcase classname="hotelTests.TestHotelWithFilter" name="testSearch" time="16.257"/>
  <system-out/>
</testsuite> <!-- hotelTests.TestHotelWithFilter -->
