<?xml version="1.0" encoding="UTF-8"?>
<!-- Generated by org.testng.reporters.JUnitReportReporter -->
<testsuite hostname="LAPTOP-2DO14JOO" failures="0" tests="3" name="hotelTests.TestHotelWithFilter" time="53.886" errors="0" timestamp="2022-11-10T00:55:59 IST" skipped="0">
  <testcase classname="hotelTests.TestHotelWithFilter" name="testSearch" time="17.814"/>
  <system-out/>
  <testcase classname="hotelTests.TestHotelWithFilter" name="testSearch" time="16.657"/>
  <system-out/>
  <testcase classname="hotelTests.TestHotelWithFilter" name="testSearch" time="19.415"/>
  <system-out/>
</testsuite> <!-- hotelTests.TestHotelWithFilter -->
