<?xml version="1.0" encoding="UTF-8"?>
<!-- Generated by org.testng.reporters.JUnitReportReporter -->
<testsuite hostname="LAPTOP-2DO14JOO" failures="0" tests="2" name="serviceTest.testService" time="52.349" errors="0" timestamp="2022-11-10T00:58:26 IST" skipped="0">
  <testcase classname="serviceTest.testService" name="testSearch" time="25.400"/>
  <system-out/>
  <testcase classname="serviceTest.testService" name="testSearch" time="26.949"/>
  <system-out/>
</testsuite> <!-- serviceTest.testService -->
