<?xml version="1.0" encoding="UTF-8"?>
<!-- Generated by org.testng.reporters.JUnitReportReporter -->
<testsuite hostname="LAPTOP-2DO14JOO" failures="0" tests="3" name="hotelTests.TestHotel" time="80.455" errors="0" timestamp="2022-11-10T00:54:54 IST" skipped="0">
  <testcase classname="hotelTests.TestHotel" name="testSearch" time="25.908"/>
  <system-out/>
  <testcase classname="hotelTests.TestHotel" name="testSearch" time="25.871"/>
  <system-out/>
  <testcase classname="hotelTests.TestHotel" name="testSearch" time="28.676"/>
  <system-out/>
</testsuite> <!-- hotelTests.TestHotel -->
