<?xml version="1.0" encoding="UTF-8"?>
<!-- Generated by org.testng.reporters.JUnitReportReporter -->
<testsuite hostname="LAPTOP-2DO14JOO" failures="0" tests="3" name="mainTest.testService" time="18.493" errors="0" timestamp="2022-11-09T23:13:38 IST" skipped="0">
  <testcase classname="mainTest.testService" name="testSearch" time="6.971"/>
  <system-out/>
  <testcase classname="mainTest.testService" name="testSearch" time="5.644"/>
  <system-out/>
  <testcase classname="mainTest.testService" name="testSearch" time="5.878"/>
  <system-out/>
</testsuite> <!-- mainTest.testService -->
